<?xml version="1.0" encoding="UTF-8"?>
<!-- Generated by org.testng.reporters.JUnitReportReporter -->
<testsuite hostname="LAPTOP-ARIMQBTN" failures="0" tests="1" name="tests.LoginTest" time="5.461" errors="0" timestamp="2025-04-02T20:35:29 IST" skipped="0">
  <testcase classname="tests.LoginTest" name="validLogin" time="5.461"/>
</testsuite> <!-- tests.LoginTest -->
